2022-12-21T05:23:01+00:00 DEBUG 
====Log Details: ===
====Start Log====
WPS Renewal Subscriptions: Array
(
)

====End Log====


2022-12-21T05:23:02+00:00 DEBUG 
====Log Details: ===
====Start Log====
WPS Expired Subscriptions: Array
(
)

====End Log====


2022-12-21T05:23:03+00:00 DEBUG 
====Log Details: ===
====Start Log====
WPS Renewal Subscriptions: Array
(
)

====End Log====


2022-12-21T05:23:04+00:00 DEBUG 
====Log Details: ===
====Start Log====
WPS Expired Subscriptions: Array
(
)

====End Log====


